# JRE version: Java(TM) SE Runtime Environment (17.0.12+8) (build 17.0.12+8-LTS-286)
# Java VM: Java HotSpot(TM) 64-Bit Server VM (17.0.12+8-LTS-286, mixed mode, sharing, tiered, compressed oops, compressed class ptrs, g1 gc, windows-amd64)
GC Precious Log:
 CPUs: 8 total, 8 available
 Memory: 7986M
 Large Page Support: Disabled
 NUMA Support: Disabled
 Compressed Oops: Enabled (32-bit)
 Heap Region Size: 1M
 Heap Min Capacity: 256M
 Heap Initial Capacity: 256M
 Heap Max Capacity: 512M
 Pre-touch: Disabled
 Parallel Workers: 8
 Concurrent Workers: 2
 Concurrent Refinement Workers: 8
 Periodic GC: Disabled
Heap:
 garbage-first heap   total 262144K, used 219637K [0x00000000e0000000, 0x0000000100000000)
  region size 1024K, 12 young (12288K), 2 survivors (2048K)
 Metaspace       used 84843K, committed 87936K, reserved 458752K
  class space    used 11294K, committed 12224K, reserved 327680K
GC Heap History (20 events):
Event: 1924.550 GC heap before
{Heap before GC invocations=47 (full 0):
 garbage-first heap   total 262144K, used 222132K [0x00000000e0000000, 0x0000000100000000)
  region size 1024K, 25 young (25600K), 3 survivors (3072K)
 Metaspace       used 86218K, committed 87104K, reserved 458752K
  class space    used 11469K, committed 11904K, reserved 327680K
}
Event: 1924.554 GC heap after
{Heap after GC invocations=48 (full 0):
 garbage-first heap   total 262144K, used 200752K [0x00000000e0000000, 0x0000000100000000)
  region size 1024K, 3 young (3072K), 3 survivors (3072K)
 Metaspace       used 86218K, committed 87104K, reserved 458752K
  class space    used 11469K, committed 11904K, reserved 327680K
}
Event: 1924.721 GC heap before
{Heap before GC invocations=48 (full 0):
 garbage-first heap   total 262144K, used 224304K [0x00000000e0000000, 0x0000000100000000)
  region size 1024K, 26 young (26624K), 3 survivors (3072K)
 Metaspace       used 86461K, committed 87424K, reserved 458752K
  class space    used 11502K, committed 11968K, reserved 327680K
}
Event: 1924.727 GC heap after
{Heap after GC invocations=49 (full 0):
 garbage-first heap   total 262144K, used 201839K [0x00000000e0000000, 0x0000000100000000)
  region size 1024K, 2 young (2048K), 2 survivors (2048K)
 Metaspace       used 86461K, committed 87424K, reserved 458752K
  class space    used 11502K, committed 11968K, reserved 327680K
}
Event: 1924.810 GC heap before
{Heap before GC invocations=49 (full 0):
 garbage-first heap   total 262144K, used 226415K [0x00000000e0000000, 0x0000000100000000)
  region size 1024K, 26 young (26624K), 2 survivors (2048K)
 Metaspace       used 86538K, committed 87488K, reserved 458752K
  class space    used 11502K, committed 11968K, reserved 327680K
}
Event: 1924.813 GC heap after
{Heap after GC invocations=50 (full 0):
 garbage-first heap   total 262144K, used 202461K [0x00000000e0000000, 0x0000000100000000)
  region size 1024K, 3 young (3072K), 3 survivors (3072K)
 Metaspace       used 86538K, committed 87488K, reserved 458752K
  class space    used 11502K, committed 11968K, reserved 327680K
}
Event: 1924.914 GC heap before
{Heap before GC invocations=50 (full 0):
 garbage-first heap   total 262144K, used 227037K [0x00000000e0000000, 0x0000000100000000)
  region size 1024K, 27 young (27648K), 3 survivors (3072K)
 Metaspace       used 86545K, committed 87488K, reserved 458752K
  class space    used 11502K, committed 11968K, reserved 327680K
}
Event: 1924.918 GC heap after
{Heap after GC invocations=51 (full 0):
 garbage-first heap   total 262144K, used 203101K [0x00000000e0000000, 0x0000000100000000)
  region size 1024K, 3 young (3072K), 3 survivors (3072K)
 Metaspace       used 86545K, committed 87488K, reserved 458752K
  class space    used 11502K, committed 11968K, reserved 327680K
}
Event: 1924.984 GC heap before
{Heap before GC invocations=51 (full 0):
 garbage-first heap   total 262144K, used 228701K [0x00000000e0000000, 0x0000000100000000)
  region size 1024K, 28 young (28672K), 3 survivors (3072K)
 Metaspace       used 86549K, committed 87488K, reserved 458752K
  class space    used 11502K, committed 11968K, reserved 327680K
}
Event: 1924.988 GC heap after
{Heap after GC invocations=52 (full 0):
 garbage-first heap   total 262144K, used 203129K [0x00000000e0000000, 0x0000000100000000)
  region size 1024K, 2 young (2048K), 2 survivors (2048K)
 Metaspace       used 86549K, committed 87488K, reserved 458752K
  class space    used 11502K, committed 11968K, reserved 327680K
}
Event: 1925.743 GC heap before
{Heap before GC invocations=52 (full 0):
 garbage-first heap   total 262144K, used 227705K [0x00000000e0000000, 0x0000000100000000)
  region size 1024K, 27 young (27648K), 2 survivors (2048K)
 Metaspace       used 88351K, committed 89344K, reserved 458752K
  class space    used 11714K, committed 12160K, reserved 327680K
}
Event: 1925.749 GC heap after
{Heap after GC invocations=53 (full 0):
 garbage-first heap   total 262144K, used 204358K [0x00000000e0000000, 0x0000000100000000)
  region size 1024K, 3 young (3072K), 3 survivors (3072K)
 Metaspace       used 88351K, committed 89344K, reserved 458752K
  class space    used 11714K, committed 12160K, reserved 327680K
}
Event: 1926.283 GC heap before
{Heap before GC invocations=53 (full 0):
 garbage-first heap   total 262144K, used 227910K [0x00000000e0000000, 0x0000000100000000)
  region size 1024K, 27 young (27648K), 3 survivors (3072K)
 Metaspace       used 88778K, committed 89728K, reserved 458752K
  class space    used 11765K, committed 12224K, reserved 327680K
}
Event: 1926.292 GC heap after
{Heap after GC invocations=54 (full 0):
 garbage-first heap   total 262144K, used 208380K [0x00000000e0000000, 0x0000000100000000)
  region size 1024K, 4 young (4096K), 4 survivors (4096K)
 Metaspace       used 88778K, committed 89728K, reserved 458752K
  class space    used 11765K, committed 12224K, reserved 327680K
}
Event: 1926.392 GC heap before
{Heap before GC invocations=54 (full 0):
 garbage-first heap   total 262144K, used 227836K [0x00000000e0000000, 0x0000000100000000)
  region size 1024K, 23 young (23552K), 4 survivors (4096K)
 Metaspace       used 88780K, committed 89728K, reserved 458752K
  class space    used 11765K, committed 12224K, reserved 327680K
}
Event: 1926.408 GC heap after
{Heap after GC invocations=55 (full 0):
 garbage-first heap   total 262144K, used 214145K [0x00000000e0000000, 0x0000000100000000)
  region size 1024K, 3 young (3072K), 3 survivors (3072K)
 Metaspace       used 88780K, committed 89728K, reserved 458752K
  class space    used 11765K, committed 12224K, reserved 327680K
}
Event: 1926.475 GC heap before
{Heap before GC invocations=55 (full 0):
 garbage-first heap   total 262144K, used 227457K [0x00000000e0000000, 0x0000000100000000)
  region size 1024K, 16 young (16384K), 3 survivors (3072K)
 Metaspace       used 88780K, committed 89728K, reserved 458752K
  class space    used 11765K, committed 12224K, reserved 327680K
}
Event: 1926.481 GC heap after
{Heap after GC invocations=56 (full 0):
 garbage-first heap   total 262144K, used 216434K [0x00000000e0000000, 0x0000000100000000)
  region size 1024K, 2 young (2048K), 2 survivors (2048K)
 Metaspace       used 88780K, committed 89728K, reserved 458752K
  class space    used 11765K, committed 12224K, reserved 327680K
}
Event: 1926.541 GC heap before
{Heap before GC invocations=56 (full 0):
 garbage-first heap   total 262144K, used 228722K [0x00000000e0000000, 0x0000000100000000)
  region size 1024K, 14 young (14336K), 2 survivors (2048K)
 Metaspace       used 88780K, committed 89728K, reserved 458752K
  class space    used 11765K, committed 12224K, reserved 327680K
}
Event: 1926.547 GC heap after
{Heap after GC invocations=57 (full 0):
 garbage-first heap   total 262144K, used 218613K [0x00000000e0000000, 0x0000000100000000)
  region size 1024K, 2 young (2048K), 2 survivors (2048K)
 Metaspace       used 88780K, committed 89728K, reserved 458752K
  class space    used 11765K, committed 12224K, reserved 327680K
}

